<?xml version="1.0" encoding="UTF-8"?>
<!-- Generated by org.testng.reporters.JUnitXMLReporter -->
<testsuite ignored="0" hostname="DESKTOP-CNC28N6" failures="1" tests="11" name="Surefire test" time="187.509" errors="0" timestamp="2022-10-31T14:23:21 IST">
  <testcase classname="com.extraaedge.qa.testcases.HomePageTest" name="popupTest" time="2.64"/>
  <testcase classname="com.extraaedge.qa.testcases.OnlineApplicationPageTest" name="getTitleTest" time="22.873"/>
  <testcase classname="com.extraaedge.qa.testcases.OnlineApplicationPageTest" name="openPersonalDetails" time="0.339"/>
  <testcase classname="com.extraaedge.qa.testcases.ParentDetailsTest" name="getTitleTest" time="0.005"/>
  <testcase classname="com.extraaedge.qa.testcases.ParentDetailsTest" name="openSignUp" time="4.001"/>
  <testcase classname="com.extraaedge.qa.testcases.PersonalDetailsTest" name="openPersonalDetails" time="29.906"/>
  <testcase classname="com.extraaedge.qa.testcases.PersonalDetailsTest" name="fillPersonalDetails" time="9.941"/>
  <testcase classname="com.extraaedge.qa.testcases.RegistrationPageTest" name="getTitleTest" time="0.011"/>
  <testcase classname="com.extraaedge.qa.testcases.RegistrationPageTest" name="openSignUp" time="5.893"/>
  <testcase classname="com.extraaedge.qa.testcases.RegistrationPageTest" name="enterDetailTest" time="10.648"/>
  <testcase classname="com.extraaedge.qa.testcases.RegistrationPageTest" name="continueApplication" time="0.0">
    <failure type="org.testng.TestNGException" message="
Cannot inject @Test annotated Method [continueApplication] with [class java.lang.String, class java.lang.String, class java.lang.String, class java.lang.String, class java.lang.String, class java.lang.String, class java.lang.String].
For more information on native dependency injection please refer to https://testng.org/doc/documentation-main.html#native-dependency-injection">
      <![CDATA[org.testng.TestNGException: 
Cannot inject @Test annotated Method [continueApplication] with [class java.lang.String, class java.lang.String, class java.lang.String, class java.lang.String, class java.lang.String, class java.lang.String, class java.lang.String].
For more information on native dependency injection please refer to https://testng.org/doc/documentation-main.html#native-dependency-injection
at java.base/java.util.ArrayList.forEach(ArrayList.java:1511)
... Removed 31 stack frames]]>
    </failure>
  </testcase> <!-- continueApplication -->
</testsuite> <!-- Surefire test -->
