<?xml version="1.0" encoding="UTF-8"?>
<!-- Generated by org.testng.reporters.JUnitXMLReporter -->
<testsuite ignored="0" hostname="DESKTOP-CNC28N6" failures="0" tests="2" name="Default test" time="66.631" errors="0" timestamp="2022-10-31T14:03:34 IST">
  <testcase classname="com.extraaedge.qa.testcases.PersonalDetailsTest" name="openPersonalDetails" time="49.266"/>
  <testcase classname="com.extraaedge.qa.testcases.PersonalDetailsTest" name="fillPersonalDetails" time="9.08"/>
</testsuite> <!-- Default test -->
