<?xml version="1.0" encoding="UTF-8"?>
<testng-results ignored="0" total="11" passed="10" failed="1" skipped="0">
  <reporter-output>
  </reporter-output>
  <suite started-at="2022-10-31T14:20:14 IST" name="Surefire suite" finished-at="2022-10-31T14:23:21 IST" duration-ms="187509">
    <groups>
    </groups>
    <test started-at="2022-10-31T14:20:14 IST" name="Surefire test" finished-at="2022-10-31T14:23:21 IST" duration-ms="187509">
      <class name="com.extraaedge.qa.testcases.RegistrationPageTest">
        <test-method is-config="true" signature="setUp()[pri:0, instance:com.extraaedge.qa.testcases.RegistrationPageTest@290222c1]" started-at="2022-10-31T14:22:18 IST" name="setUp" finished-at="2022-10-31T14:22:28 IST" duration-ms="10726" status="PASS">
          <reporter-output>
          </reporter-output>
        </test-method> <!-- setUp -->
        <test-method signature="getTitleTest()[pri:1, instance:com.extraaedge.qa.testcases.RegistrationPageTest@290222c1]" started-at="2022-10-31T14:22:28 IST" name="getTitleTest" finished-at="2022-10-31T14:22:28 IST" duration-ms="11" status="PASS">
          <reporter-output>
          </reporter-output>
        </test-method> <!-- getTitleTest -->
        <test-method is-config="true" signature="tearDown()[pri:0, instance:com.extraaedge.qa.testcases.RegistrationPageTest@290222c1]" started-at="2022-10-31T14:22:28 IST" name="tearDown" finished-at="2022-10-31T14:22:28 IST" duration-ms="0" status="PASS">
          <reporter-output>
          </reporter-output>
        </test-method> <!-- tearDown -->
        <test-method is-config="true" signature="setUp()[pri:0, instance:com.extraaedge.qa.testcases.RegistrationPageTest@290222c1]" started-at="2022-10-31T14:22:28 IST" name="setUp" finished-at="2022-10-31T14:22:37 IST" duration-ms="8730" status="PASS">
          <reporter-output>
          </reporter-output>
        </test-method> <!-- setUp -->
        <test-method signature="openSignUp()[pri:2, instance:com.extraaedge.qa.testcases.RegistrationPageTest@290222c1]" started-at="2022-10-31T14:22:37 IST" name="openSignUp" finished-at="2022-10-31T14:22:43 IST" duration-ms="5893" status="PASS">
          <reporter-output>
          </reporter-output>
        </test-method> <!-- openSignUp -->
        <test-method is-config="true" signature="tearDown()[pri:0, instance:com.extraaedge.qa.testcases.RegistrationPageTest@290222c1]" started-at="2022-10-31T14:22:43 IST" name="tearDown" finished-at="2022-10-31T14:22:43 IST" duration-ms="0" status="PASS">
          <reporter-output>
          </reporter-output>
        </test-method> <!-- tearDown -->
        <test-method is-config="true" signature="setUp()[pri:0, instance:com.extraaedge.qa.testcases.RegistrationPageTest@290222c1]" started-at="2022-10-31T14:22:43 IST" name="setUp" finished-at="2022-10-31T14:23:09 IST" duration-ms="25833" status="PASS">
          <reporter-output>
          </reporter-output>
        </test-method> <!-- setUp -->
        <test-method signature="enterDetailTest(java.lang.String,java.lang.String,java.lang.String,java.lang.String,java.lang.String,java.lang.String,java.lang.String)[pri:3, instance:com.extraaedge.qa.testcases.RegistrationPageTest@290222c1]" started-at="2022-10-31T14:23:09 IST" name="enterDetailTest" data-provider="getRegistrationDetails" finished-at="2022-10-31T14:23:20 IST" duration-ms="10648" status="PASS">
          <params>
            <param index="0">
              <value>
                <![CDATA[Samiksha]]>
              </value>
            </param>
            <param index="1">
              <value>
                <![CDATA[samikshaselukars@gmail.com]]>
              </value>
            </param>
            <param index="2">
              <value>
                <![CDATA[91.0]]>
              </value>
            </param>
            <param index="3">
              <value>
                <![CDATA[9923010036]]>
              </value>
            </param>
            <param index="4">
              <value>
                <![CDATA[Test 02]]>
              </value>
            </param>
            <param index="5">
              <value>
                <![CDATA[Test 02]]>
              </value>
            </param>
            <param index="6">
              <value>
                <![CDATA[Sample program]]>
              </value>
            </param>
          </params>
          <reporter-output>
          </reporter-output>
        </test-method> <!-- enterDetailTest -->
        <test-method is-config="true" signature="tearDown()[pri:0, instance:com.extraaedge.qa.testcases.RegistrationPageTest@290222c1]" started-at="2022-10-31T14:23:20 IST" name="tearDown" finished-at="2022-10-31T14:23:20 IST" duration-ms="0" status="PASS">
          <reporter-output>
          </reporter-output>
        </test-method> <!-- tearDown -->
        <test-method signature="continueApplication(java.lang.String,java.lang.String,java.lang.String,java.lang.String,java.lang.String,java.lang.String,java.lang.String)[pri:4, instance:com.extraaedge.qa.testcases.RegistrationPageTest@290222c1]" started-at="2022-10-31T14:23:20 IST" name="continueApplication" finished-at="2022-10-31T14:23:20 IST" duration-ms="0" status="FAIL">
          <exception class="org.testng.TestNGException">
            <message>
              <![CDATA[
Cannot inject @Test annotated Method [continueApplication] with [class java.lang.String, class java.lang.String, class java.lang.String, class java.lang.String, class java.lang.String, class java.lang.String, class java.lang.String].
For more information on native dependency injection please refer to https://testng.org/doc/documentation-main.html#native-dependency-injection]]>
            </message>
            <full-stacktrace>
              <![CDATA[org.testng.TestNGException: 
Cannot inject @Test annotated Method [continueApplication] with [class java.lang.String, class java.lang.String, class java.lang.String, class java.lang.String, class java.lang.String, class java.lang.String, class java.lang.String].
For more information on native dependency injection please refer to https://testng.org/doc/documentation-main.html#native-dependency-injection
at org.testng.internal.Parameters.checkParameterTypes(Parameters.java:436)
at org.testng.internal.Parameters.createParametersForMethod(Parameters.java:350)
at org.testng.internal.Parameters.createParameters(Parameters.java:693)
at org.testng.internal.Parameters.handleParameters(Parameters.java:888)
at org.testng.internal.Parameters.handleParameters(Parameters.java:728)
at org.testng.internal.invokers.ParameterHandler.handleParameters(ParameterHandler.java:72)
at org.testng.internal.invokers.ParameterHandler.createParameters(ParameterHandler.java:51)
at org.testng.internal.invokers.TestInvoker$MethodInvocationAgent.invoke(TestInvoker.java:917)
at org.testng.internal.invokers.TestInvoker.invokeTestMethods(TestInvoker.java:194)
at org.testng.internal.invokers.TestMethodWorker.invokeTestMethods(TestMethodWorker.java:148)
at org.testng.internal.invokers.TestMethodWorker.run(TestMethodWorker.java:128)
at java.base/java.util.ArrayList.forEach(ArrayList.java:1511)
at org.testng.TestRunner.privateRun(TestRunner.java:806)
at org.testng.TestRunner.run(TestRunner.java:601)
at org.testng.SuiteRunner.runTest(SuiteRunner.java:433)
at org.testng.SuiteRunner.runSequentially(SuiteRunner.java:427)
at org.testng.SuiteRunner.privateRun(SuiteRunner.java:387)
at org.testng.SuiteRunner.run(SuiteRunner.java:330)
at org.testng.SuiteRunnerWorker.runSuite(SuiteRunnerWorker.java:52)
at org.testng.SuiteRunnerWorker.run(SuiteRunnerWorker.java:95)
at org.testng.TestNG.runSuitesSequentially(TestNG.java:1256)
at org.testng.TestNG.runSuitesLocally(TestNG.java:1176)
at org.testng.TestNG.runSuites(TestNG.java:1099)
at org.testng.TestNG.run(TestNG.java:1067)
at org.apache.maven.surefire.testng.TestNGExecutor.run(TestNGExecutor.java:151)
at org.apache.maven.surefire.testng.TestNGDirectoryTestSuite.executeMulti(TestNGDirectoryTestSuite.java:192)
at org.apache.maven.surefire.testng.TestNGDirectoryTestSuite.execute(TestNGDirectoryTestSuite.java:93)
at org.apache.maven.surefire.testng.TestNGProvider.invoke(TestNGProvider.java:155)
at org.apache.maven.surefire.booter.ForkedBooter.runSuitesInProcess(ForkedBooter.java:456)
at org.apache.maven.surefire.booter.ForkedBooter.execute(ForkedBooter.java:169)
at org.apache.maven.surefire.booter.ForkedBooter.run(ForkedBooter.java:595)
at org.apache.maven.surefire.booter.ForkedBooter.main(ForkedBooter.java:581)
]]>
            </full-stacktrace>
          </exception> <!-- org.testng.TestNGException -->
          <reporter-output>
          </reporter-output>
        </test-method> <!-- continueApplication -->
      </class> <!-- com.extraaedge.qa.testcases.RegistrationPageTest -->
      <class name="com.extraaedge.qa.testcases.HomePageTest">
        <test-method is-config="true" signature="setUp()[pri:0, instance:com.extraaedge.qa.testcases.HomePageTest@5acf93bb]" started-at="2022-10-31T14:20:14 IST" name="setUp" finished-at="2022-10-31T14:20:22 IST" duration-ms="8488" status="PASS">
          <reporter-output>
          </reporter-output>
        </test-method> <!-- setUp -->
        <test-method signature="popupTest()[pri:0, instance:com.extraaedge.qa.testcases.HomePageTest@5acf93bb]" started-at="2022-10-31T14:20:22 IST" name="popupTest" finished-at="2022-10-31T14:20:25 IST" duration-ms="2640" status="PASS">
          <reporter-output>
          </reporter-output>
        </test-method> <!-- popupTest -->
        <test-method is-config="true" signature="tearDown()[pri:0, instance:com.extraaedge.qa.testcases.HomePageTest@5acf93bb]" started-at="2022-10-31T14:20:25 IST" name="tearDown" finished-at="2022-10-31T14:20:25 IST" duration-ms="463" status="PASS">
          <reporter-output>
          </reporter-output>
        </test-method> <!-- tearDown -->
      </class> <!-- com.extraaedge.qa.testcases.HomePageTest -->
      <class name="com.extraaedge.qa.testcases.OnlineApplicationPageTest">
        <test-method is-config="true" signature="setUp()[pri:0, instance:com.extraaedge.qa.testcases.OnlineApplicationPageTest@1e1a0406]" started-at="2022-10-31T14:20:25 IST" name="setUp" finished-at="2022-10-31T14:20:31 IST" duration-ms="5653" status="PASS">
          <reporter-output>
          </reporter-output>
        </test-method> <!-- setUp -->
        <test-method signature="getTitleTest(java.lang.String,java.lang.String,java.lang.String,java.lang.String,java.lang.String,java.lang.String,java.lang.String)[pri:1, instance:com.extraaedge.qa.testcases.OnlineApplicationPageTest@1e1a0406]" started-at="2022-10-31T14:20:33 IST" name="getTitleTest" data-provider="getRegistrationDetails" finished-at="2022-10-31T14:20:56 IST" duration-ms="22873" status="PASS">
          <params>
            <param index="0">
              <value>
                <![CDATA[Samiksha]]>
              </value>
            </param>
            <param index="1">
              <value>
                <![CDATA[samikshaselukars@gmail.com]]>
              </value>
            </param>
            <param index="2">
              <value>
                <![CDATA[91.0]]>
              </value>
            </param>
            <param index="3">
              <value>
                <![CDATA[9923010036]]>
              </value>
            </param>
            <param index="4">
              <value>
                <![CDATA[Test 02]]>
              </value>
            </param>
            <param index="5">
              <value>
                <![CDATA[Test 02]]>
              </value>
            </param>
            <param index="6">
              <value>
                <![CDATA[Sample program]]>
              </value>
            </param>
          </params>
          <reporter-output>
          </reporter-output>
        </test-method> <!-- getTitleTest -->
        <test-method signature="openPersonalDetails()[pri:2, instance:com.extraaedge.qa.testcases.OnlineApplicationPageTest@1e1a0406]" started-at="2022-10-31T14:20:56 IST" name="openPersonalDetails" finished-at="2022-10-31T14:20:56 IST" duration-ms="339" status="PASS">
          <reporter-output>
          </reporter-output>
        </test-method> <!-- openPersonalDetails -->
        <test-method is-config="true" signature="tearDown()[pri:0, instance:com.extraaedge.qa.testcases.OnlineApplicationPageTest@1e1a0406]" started-at="2022-10-31T14:20:56 IST" name="tearDown" finished-at="2022-10-31T14:21:02 IST" duration-ms="5821" status="PASS">
          <reporter-output>
          </reporter-output>
        </test-method> <!-- tearDown -->
      </class> <!-- com.extraaedge.qa.testcases.OnlineApplicationPageTest -->
      <class name="com.extraaedge.qa.testcases.ParentDetailsTest">
        <test-method is-config="true" signature="setUp()[pri:0, instance:com.extraaedge.qa.testcases.ParentDetailsTest@3cebbb30]" started-at="2022-10-31T14:21:02 IST" name="setUp" finished-at="2022-10-31T14:21:07 IST" duration-ms="5583" status="PASS">
          <reporter-output>
          </reporter-output>
        </test-method> <!-- setUp -->
        <test-method signature="getTitleTest()[pri:1, instance:com.extraaedge.qa.testcases.ParentDetailsTest@3cebbb30]" started-at="2022-10-31T14:21:07 IST" name="getTitleTest" finished-at="2022-10-31T14:21:07 IST" duration-ms="5" status="PASS">
          <reporter-output>
          </reporter-output>
        </test-method> <!-- getTitleTest -->
        <test-method is-config="true" signature="tearDown()[pri:0, instance:com.extraaedge.qa.testcases.ParentDetailsTest@3cebbb30]" started-at="2022-10-31T14:21:07 IST" name="tearDown" finished-at="2022-10-31T14:21:07 IST" duration-ms="0" status="PASS">
          <reporter-output>
          </reporter-output>
        </test-method> <!-- tearDown -->
        <test-method is-config="true" signature="setUp()[pri:0, instance:com.extraaedge.qa.testcases.ParentDetailsTest@3cebbb30]" started-at="2022-10-31T14:21:07 IST" name="setUp" finished-at="2022-10-31T14:21:11 IST" duration-ms="4123" status="PASS">
          <reporter-output>
          </reporter-output>
        </test-method> <!-- setUp -->
        <test-method signature="openSignUp()[pri:2, instance:com.extraaedge.qa.testcases.ParentDetailsTest@3cebbb30]" started-at="2022-10-31T14:21:11 IST" name="openSignUp" finished-at="2022-10-31T14:21:15 IST" duration-ms="4001" status="PASS">
          <reporter-output>
          </reporter-output>
        </test-method> <!-- openSignUp -->
        <test-method is-config="true" signature="tearDown()[pri:0, instance:com.extraaedge.qa.testcases.ParentDetailsTest@3cebbb30]" started-at="2022-10-31T14:21:15 IST" name="tearDown" finished-at="2022-10-31T14:21:15 IST" duration-ms="0" status="PASS">
          <reporter-output>
          </reporter-output>
        </test-method> <!-- tearDown -->
      </class> <!-- com.extraaedge.qa.testcases.ParentDetailsTest -->
      <class name="com.extraaedge.qa.testcases.PersonalDetailsTest">
        <test-method is-config="true" signature="setUp()[pri:0, instance:com.extraaedge.qa.testcases.PersonalDetailsTest@12aba8be]" started-at="2022-10-31T14:21:15 IST" name="setUp" finished-at="2022-10-31T14:21:38 IST" duration-ms="22073" status="PASS">
          <reporter-output>
          </reporter-output>
        </test-method> <!-- setUp -->
        <test-method signature="openPersonalDetails(java.lang.String,java.lang.String,java.lang.String,java.lang.String,java.lang.String,java.lang.String,java.lang.String)[pri:1, instance:com.extraaedge.qa.testcases.PersonalDetailsTest@12aba8be]" started-at="2022-10-31T14:21:38 IST" name="openPersonalDetails" data-provider="getRegistrationDetails" finished-at="2022-10-31T14:22:08 IST" duration-ms="29906" status="PASS">
          <params>
            <param index="0">
              <value>
                <![CDATA[Samiksha]]>
              </value>
            </param>
            <param index="1">
              <value>
                <![CDATA[samikshaselukars@gmail.com]]>
              </value>
            </param>
            <param index="2">
              <value>
                <![CDATA[91.0]]>
              </value>
            </param>
            <param index="3">
              <value>
                <![CDATA[9923010036]]>
              </value>
            </param>
            <param index="4">
              <value>
                <![CDATA[Test 02]]>
              </value>
            </param>
            <param index="5">
              <value>
                <![CDATA[Test 02]]>
              </value>
            </param>
            <param index="6">
              <value>
                <![CDATA[Sample program]]>
              </value>
            </param>
          </params>
          <reporter-output>
          </reporter-output>
        </test-method> <!-- openPersonalDetails -->
        <test-method signature="fillPersonalDetails(java.lang.String,java.lang.String,java.lang.String,java.lang.String,java.lang.String,java.lang.String,java.lang.String,java.lang.String,java.lang.String,java.lang.String,java.lang.String,java.lang.String,java.lang.String,java.lang.String,java.lang.String,java.lang.String,java.lang.String,java.lang.String,java.lang.String,java.lang.String,java.lang.String,java.lang.String,java.lang.String,java.lang.String,java.lang.String,java.lang.String,java.lang.String,java.lang.String,java.lang.String,java.lang.String,java.lang.String,java.lang.String,java.lang.String,java.lang.String,java.lang.String)[pri:2, instance:com.extraaedge.qa.testcases.PersonalDetailsTest@12aba8be]" started-at="2022-10-31T14:22:08 IST" name="fillPersonalDetails" data-provider="getPersonalDetails" finished-at="2022-10-31T14:22:18 IST" duration-ms="9941" status="PASS">
          <params>
            <param index="0">
              <value>
                <![CDATA[BTech (Computer Engineering)]]>
              </value>
            </param>
            <param index="1">
              <value>
                <![CDATA[ENT204]]>
              </value>
            </param>
            <param index="2">
              <value>
                <![CDATA[Field1F]]>
              </value>
            </param>
            <param index="3">
              <value>
                <![CDATA[29-10-2021]]>
              </value>
            </param>
            <param index="4">
              <value>
                <![CDATA[11-05-1993]]>
              </value>
            </param>
            <param index="5">
              <value>
                <![CDATA[O]]>
              </value>
            </param>
            <param index="6">
              <value>
                <![CDATA[Female]]>
              </value>
            </param>
            <param index="7">
              <value>
                <![CDATA[OBC]]>
              </value>
            </param>
            <param index="8">
              <value>
                <![CDATA[Hindu]]>
              </value>
            </param>
            <param index="9">
              <value>
                <![CDATA[Indian]]>
              </value>
            </param>
            <param index="10">
              <value>
                <![CDATA[9.022620545E9]]>
              </value>
            </param>
            <param index="11">
              <value>
                <![CDATA[abcs@gmail.com]]>
              </value>
            </param>
            <param index="12">
              <value>
                <![CDATA[56444665611]]>
              </value>
            </param>
            <param index="13">
              <value>
                <![CDATA[Indian]]>
              </value>
            </param>
            <param index="14">
              <value>
                <![CDATA[Maharashtrian]]>
              </value>
            </param>
            <param index="15">
              <value>
                <![CDATA[Hindu]]>
              </value>
            </param>
            <param index="16">
              <value>
                <![CDATA[No]]>
              </value>
            </param>
            <param index="17">
              <value>
                <![CDATA[India]]>
              </value>
            </param>
            <param index="18">
              <value>
                <![CDATA[Maharashtra]]>
              </value>
            </param>
            <param index="19">
              <value>
                <![CDATA[Nagpur]]>
              </value>
            </param>
            <param index="20">
              <value>
                <![CDATA[301,Vithhal Nagar]]>
              </value>
            </param>
            <param index="21">
              <value>
                <![CDATA[Manewada]]>
              </value>
            </param>
            <param index="22">
              <value>
                <![CDATA[440012]]>
              </value>
            </param>
            <param index="23">
              <value>
                <![CDATA[Yes]]>
              </value>
            </param>
            <param index="24">
              <value>
                <![CDATA[India]]>
              </value>
            </param>
            <param index="25">
              <value>
                <![CDATA[Maharashtra]]>
              </value>
            </param>
            <param index="26">
              <value>
                <![CDATA[Nagpur]]>
              </value>
            </param>
            <param index="27">
              <value>
                <![CDATA[Nagpur]]>
              </value>
            </param>
            <param index="28">
              <value>
                <![CDATA[598 Anand Nagar]]>
              </value>
            </param>
            <param index="29">
              <value>
                <![CDATA[Regal Celebration]]>
              </value>
            </param>
            <param index="30">
              <value>
                <![CDATA[440017]]>
              </value>
            </param>
            <param index="31">
              <value>
                <![CDATA[No]]>
              </value>
            </param>
            <param index="32">
              <value>
                <![CDATA[NA]]>
              </value>
            </param>
            <param index="33">
              <value>
                <![CDATA[No]]>
              </value>
            </param>
            <param index="34">
              <value>
                <![CDATA[No]]>
              </value>
            </param>
          </params>
          <reporter-output>
          </reporter-output>
        </test-method> <!-- fillPersonalDetails -->
        <test-method is-config="true" signature="tearDown()[pri:0, instance:com.extraaedge.qa.testcases.PersonalDetailsTest@12aba8be]" started-at="2022-10-31T14:22:18 IST" name="tearDown" finished-at="2022-10-31T14:22:18 IST" duration-ms="1" status="PASS">
          <reporter-output>
          </reporter-output>
        </test-method> <!-- tearDown -->
      </class> <!-- com.extraaedge.qa.testcases.PersonalDetailsTest -->
    </test> <!-- Surefire test -->
  </suite> <!-- Surefire suite -->
</testng-results>
