<?xml version="1.0" encoding="UTF-8"?>
<testng-results ignored="0" total="2" passed="2" failed="0" skipped="0">
  <reporter-output>
  </reporter-output>
  <suite started-at="2022-10-31T14:02:28 IST" name="Default suite" finished-at="2022-10-31T14:03:34 IST" duration-ms="66631">
    <groups>
    </groups>
    <test started-at="2022-10-31T14:02:28 IST" name="Default test" finished-at="2022-10-31T14:03:34 IST" duration-ms="66631">
      <class name="com.extraaedge.qa.testcases.PersonalDetailsTest">
        <test-method is-config="true" signature="setUp()[pri:0, instance:com.extraaedge.qa.testcases.PersonalDetailsTest@8458f04]" started-at="2022-10-31T14:02:28 IST" name="setUp" finished-at="2022-10-31T14:02:34 IST" duration-ms="6583" status="PASS">
          <reporter-output>
          </reporter-output>
        </test-method> <!-- setUp -->
        <test-method signature="openPersonalDetails(java.lang.String,java.lang.String,java.lang.String,java.lang.String,java.lang.String,java.lang.String,java.lang.String)[pri:1, instance:com.extraaedge.qa.testcases.PersonalDetailsTest@8458f04]" started-at="2022-10-31T14:02:36 IST" name="openPersonalDetails" data-provider="getRegistrationDetails" finished-at="2022-10-31T14:03:25 IST" duration-ms="49266" status="PASS">
          <params>
            <param index="0">
              <value>
                <![CDATA[Samiksha]]>
              </value>
            </param>
            <param index="1">
              <value>
                <![CDATA[samikshaselukars@gmail.com]]>
              </value>
            </param>
            <param index="2">
              <value>
                <![CDATA[91.0]]>
              </value>
            </param>
            <param index="3">
              <value>
                <![CDATA[9923010036]]>
              </value>
            </param>
            <param index="4">
              <value>
                <![CDATA[Test 02]]>
              </value>
            </param>
            <param index="5">
              <value>
                <![CDATA[Test 02]]>
              </value>
            </param>
            <param index="6">
              <value>
                <![CDATA[Sample program]]>
              </value>
            </param>
          </params>
          <reporter-output>
          </reporter-output>
        </test-method> <!-- openPersonalDetails -->
        <test-method signature="fillPersonalDetails(java.lang.String,java.lang.String,java.lang.String,java.lang.String,java.lang.String,java.lang.String,java.lang.String,java.lang.String,java.lang.String,java.lang.String,java.lang.String,java.lang.String,java.lang.String,java.lang.String,java.lang.String,java.lang.String,java.lang.String,java.lang.String,java.lang.String,java.lang.String,java.lang.String,java.lang.String,java.lang.String,java.lang.String,java.lang.String,java.lang.String,java.lang.String,java.lang.String,java.lang.String,java.lang.String,java.lang.String,java.lang.String,java.lang.String,java.lang.String,java.lang.String)[pri:2, instance:com.extraaedge.qa.testcases.PersonalDetailsTest@8458f04]" started-at="2022-10-31T14:03:25 IST" name="fillPersonalDetails" data-provider="getPersonalDetails" finished-at="2022-10-31T14:03:34 IST" duration-ms="9080" status="PASS">
          <params>
            <param index="0">
              <value>
                <![CDATA[BTech (Computer Engineering)]]>
              </value>
            </param>
            <param index="1">
              <value>
                <![CDATA[ENT204]]>
              </value>
            </param>
            <param index="2">
              <value>
                <![CDATA[Field1F]]>
              </value>
            </param>
            <param index="3">
              <value>
                <![CDATA[29-10-2021]]>
              </value>
            </param>
            <param index="4">
              <value>
                <![CDATA[11-05-1993]]>
              </value>
            </param>
            <param index="5">
              <value>
                <![CDATA[O]]>
              </value>
            </param>
            <param index="6">
              <value>
                <![CDATA[Female]]>
              </value>
            </param>
            <param index="7">
              <value>
                <![CDATA[OBC]]>
              </value>
            </param>
            <param index="8">
              <value>
                <![CDATA[Hindu]]>
              </value>
            </param>
            <param index="9">
              <value>
                <![CDATA[Indian]]>
              </value>
            </param>
            <param index="10">
              <value>
                <![CDATA[9.022620545E9]]>
              </value>
            </param>
            <param index="11">
              <value>
                <![CDATA[abcs@gmail.com]]>
              </value>
            </param>
            <param index="12">
              <value>
                <![CDATA[56444665611]]>
              </value>
            </param>
            <param index="13">
              <value>
                <![CDATA[Indian]]>
              </value>
            </param>
            <param index="14">
              <value>
                <![CDATA[Maharashtrian]]>
              </value>
            </param>
            <param index="15">
              <value>
                <![CDATA[Hindu]]>
              </value>
            </param>
            <param index="16">
              <value>
                <![CDATA[No]]>
              </value>
            </param>
            <param index="17">
              <value>
                <![CDATA[India]]>
              </value>
            </param>
            <param index="18">
              <value>
                <![CDATA[Maharashtra]]>
              </value>
            </param>
            <param index="19">
              <value>
                <![CDATA[Nagpur]]>
              </value>
            </param>
            <param index="20">
              <value>
                <![CDATA[301,Vithhal Nagar]]>
              </value>
            </param>
            <param index="21">
              <value>
                <![CDATA[Manewada]]>
              </value>
            </param>
            <param index="22">
              <value>
                <![CDATA[440012]]>
              </value>
            </param>
            <param index="23">
              <value>
                <![CDATA[Yes]]>
              </value>
            </param>
            <param index="24">
              <value>
                <![CDATA[India]]>
              </value>
            </param>
            <param index="25">
              <value>
                <![CDATA[Maharashtra]]>
              </value>
            </param>
            <param index="26">
              <value>
                <![CDATA[Nagpur]]>
              </value>
            </param>
            <param index="27">
              <value>
                <![CDATA[Nagpur]]>
              </value>
            </param>
            <param index="28">
              <value>
                <![CDATA[598 Anand Nagar]]>
              </value>
            </param>
            <param index="29">
              <value>
                <![CDATA[Regal Celebration]]>
              </value>
            </param>
            <param index="30">
              <value>
                <![CDATA[440017]]>
              </value>
            </param>
            <param index="31">
              <value>
                <![CDATA[No]]>
              </value>
            </param>
            <param index="32">
              <value>
                <![CDATA[NA]]>
              </value>
            </param>
            <param index="33">
              <value>
                <![CDATA[No]]>
              </value>
            </param>
            <param index="34">
              <value>
                <![CDATA[No]]>
              </value>
            </param>
          </params>
          <reporter-output>
          </reporter-output>
        </test-method> <!-- fillPersonalDetails -->
        <test-method is-config="true" signature="tearDown()[pri:0, instance:com.extraaedge.qa.testcases.PersonalDetailsTest@8458f04]" started-at="2022-10-31T14:03:34 IST" name="tearDown" finished-at="2022-10-31T14:03:34 IST" duration-ms="0" status="PASS">
          <reporter-output>
          </reporter-output>
        </test-method> <!-- tearDown -->
      </class> <!-- com.extraaedge.qa.testcases.PersonalDetailsTest -->
    </test> <!-- Default test -->
  </suite> <!-- Default suite -->
</testng-results>
