<?xml version="1.0" encoding="UTF-8"?>
<!-- Generated by org.testng.reporters.JUnitXMLReporter -->
<testsuite ignored="0" hostname="DESKTOP-CNC28N6" failures="2" tests="2" name="TestApp" time="8.365" errors="0" timestamp="2022-10-31T13:57:28 IST">
  <testcase classname="com.extraaedge.qa.testcases.PersonalDetailsTest" name="openPersonalDetails" time="0.0">
    <failure type="java.lang.RuntimeException" message="java.lang.NoSuchMethodError: &amp;apos;void org.apache.poi.util.POILogger.log(int, java.lang.Object)&amp;apos;">
      <![CDATA[java.lang.RuntimeException: java.lang.NoSuchMethodError: 'void org.apache.poi.util.POILogger.log(int, java.lang.Object)'
at java.base/java.util.ArrayList.forEach(ArrayList.java:1511)
Caused by: java.lang.NoSuchMethodError: 'void org.apache.poi.util.POILogger.log(int, java.lang.Object)'
at org.apache.poi.openxml4j.opc.PackageRelationshipCollection.parseRelationshipsPart(PackageRelationshipCollection.java:304)
at org.apache.poi.openxml4j.opc.PackageRelationshipCollection.<init>(PackageRelationshipCollection.java:156)
at org.apache.poi.openxml4j.opc.PackageRelationshipCollection.<init>(PackageRelationshipCollection.java:124)
at org.apache.poi.openxml4j.opc.PackagePart.loadRelationships(PackagePart.java:559)
at org.apache.poi.openxml4j.opc.PackagePart.<init>(PackagePart.java:112)
at org.apache.poi.openxml4j.opc.PackagePart.<init>(PackagePart.java:83)
at org.apache.poi.openxml4j.opc.PackagePart.<init>(PackagePart.java:128)
at org.apache.poi.openxml4j.opc.ZipPackagePart.<init>(ZipPackagePart.java:78)
at org.apache.poi.openxml4j.opc.ZipPackage.getPartsImpl(ZipPackage.java:218)
at org.apache.poi.openxml4j.opc.OPCPackage.getParts(OPCPackage.java:662)
at org.apache.poi.openxml4j.opc.OPCPackage.open(OPCPackage.java:269)
at org.apache.poi.ss.usermodel.WorkbookFactory.create(WorkbookFactory.java:73)
at com.extraaedge.qa.util.TestUtil.getTestData(TestUtil.java:44)
at com.extraaedge.qa.testcases.RegistrationPageTest.getRegistrationDetails(RegistrationPageTest.java:33)
... 25 more
... Removed 32 stack frames]]>
    </failure>
  </testcase> <!-- openPersonalDetails -->
  <testcase classname="com.extraaedge.qa.testcases.PersonalDetailsTest" name="fillPersonalDetails" time="0.0">
    <failure type="java.lang.RuntimeException" message="java.lang.NoSuchMethodError: &amp;apos;void org.apache.poi.util.POILogger.log(int, java.lang.Object)&amp;apos;">
      <![CDATA[java.lang.RuntimeException: java.lang.NoSuchMethodError: 'void org.apache.poi.util.POILogger.log(int, java.lang.Object)'
at java.base/java.util.ArrayList.forEach(ArrayList.java:1511)
Caused by: java.lang.NoSuchMethodError: 'void org.apache.poi.util.POILogger.log(int, java.lang.Object)'
at org.apache.poi.openxml4j.opc.PackageRelationshipCollection.parseRelationshipsPart(PackageRelationshipCollection.java:304)
at org.apache.poi.openxml4j.opc.PackageRelationshipCollection.<init>(PackageRelationshipCollection.java:156)
at org.apache.poi.openxml4j.opc.PackageRelationshipCollection.<init>(PackageRelationshipCollection.java:124)
at org.apache.poi.openxml4j.opc.PackagePart.loadRelationships(PackagePart.java:559)
at org.apache.poi.openxml4j.opc.PackagePart.<init>(PackagePart.java:112)
at org.apache.poi.openxml4j.opc.PackagePart.<init>(PackagePart.java:83)
at org.apache.poi.openxml4j.opc.PackagePart.<init>(PackagePart.java:128)
at org.apache.poi.openxml4j.opc.ZipPackagePart.<init>(ZipPackagePart.java:78)
at org.apache.poi.openxml4j.opc.ZipPackage.getPartsImpl(ZipPackage.java:218)
at org.apache.poi.openxml4j.opc.OPCPackage.getParts(OPCPackage.java:662)
at org.apache.poi.openxml4j.opc.OPCPackage.open(OPCPackage.java:269)
at org.apache.poi.ss.usermodel.WorkbookFactory.create(WorkbookFactory.java:73)
at com.extraaedge.qa.util.TestUtil.getTestData(TestUtil.java:44)
at com.extraaedge.qa.testcases.PersonalDetailsTest.getPersonalDetails(PersonalDetailsTest.java:41)
... 25 more
... Removed 32 stack frames]]>
    </failure>
  </testcase> <!-- fillPersonalDetails -->
</testsuite> <!-- TestApp -->
